1714471873: mosquitto version 2.0.18 starting
1714471873: Config loaded from /mosquitto/config/mosquitto.conf.
1714471873: Opening ipv4 listen socket on port 1883.
1714471873: Opening ipv6 listen socket on port 1883.
1714471873: Opening websockets listen socket on port 9001.
1714471873: mosquitto version 2.0.18 running
1714471897: mosquitto version 2.0.18 terminating
1714471897: Saving in-memory database to /mosquitto/data//mosquitto.db.
1714471903: mosquitto version 2.0.18 starting
1714471903: Config loaded from /mosquitto/config/mosquitto.conf.
1714471903: Opening ipv4 listen socket on port 1883.
1714471903: Opening ipv6 listen socket on port 1883.
1714471903: Opening websockets listen socket on port 9001.
1714471903: mosquitto version 2.0.18 running
1714471933: mosquitto version 2.0.18 terminating
1714471933: Saving in-memory database to /mosquitto/data//mosquitto.db.
1714472056: mosquitto version 2.0.18 starting
1714472056: Config loaded from /mosquitto/config/mosquitto.conf.
1714472056: Opening ipv4 listen socket on port 1883.
1714472056: Opening ipv6 listen socket on port 1883.
1714472056: Opening websockets listen socket on port 9001.
1714472056: mosquitto version 2.0.18 running
1714472085: mosquitto version 2.0.18 terminating
1714472085: Saving in-memory database to /mosquitto/data//mosquitto.db.
1714472101: mosquitto version 2.0.18 starting
1714472101: Config loaded from /mosquitto/config/mosquitto.conf.
1714472101: Opening ipv4 listen socket on port 1883.
1714472101: Opening ipv6 listen socket on port 1883.
1714472101: Opening websockets listen socket on port 9001.
1714472101: mosquitto version 2.0.18 running
1714472111: mosquitto version 2.0.18 terminating
1714472111: Saving in-memory database to /mosquitto/data//mosquitto.db.
1714472113: mosquitto version 2.0.18 starting
1714472113: Config loaded from /mosquitto/config/mosquitto.conf.
1714472113: Opening ipv4 listen socket on port 1883.
1714472113: Opening ipv6 listen socket on port 1883.
1714472113: Opening websockets listen socket on port 9001.
1714472113: mosquitto version 2.0.18 running
1714472169: mosquitto version 2.0.18 terminating
1714472169: Saving in-memory database to /mosquitto/data//mosquitto.db.
1714472173: mosquitto version 2.0.18 starting
1714472173: Config loaded from /mosquitto/config/mosquitto.conf.
1714472173: Opening ipv4 listen socket on port 1883.
1714472173: Opening ipv6 listen socket on port 1883.
1714472173: Opening websockets listen socket on port 9001.
1714472173: mosquitto version 2.0.18 running
1714472189: New connection from 172.20.0.1:58522 on port 1883.
1714472189: New client connected from 172.20.0.1:58522 as auto-53A32CF8-BA1B-CAAE-6C61-3F833A3C3DA6 (p2, c1, k60).
1714472202: New connection from 172.20.0.1:59032 on port 1883.
1714472202: New client connected from 172.20.0.1:59032 as auto-DEFF1CE8-BFE6-44B1-24D6-199FF1D14EFA (p2, c1, k60).
1714472202: Client auto-DEFF1CE8-BFE6-44B1-24D6-199FF1D14EFA disconnected.
1714472207: Client auto-53A32CF8-BA1B-CAAE-6C61-3F833A3C3DA6 disconnected.
1714472284: mosquitto version 2.0.18 terminating
1714472284: Saving in-memory database to /mosquitto/data//mosquitto.db.
1714472285: mosquitto version 2.0.18 starting
1714472285: Config loaded from /mosquitto/config/mosquitto.conf.
1714472285: Opening ipv4 listen socket on port 1883.
1714472285: Opening ipv6 listen socket on port 1883.
1714472285: Opening websockets listen socket on port 9001.
1714472285: mosquitto version 2.0.18 running
1714472289: New connection from 172.20.0.1:60724 on port 1883.
1714472289: New client connected from 172.20.0.1:60724 as auto-0B9E047A-E9B2-3270-3F9F-B343D6D3383F (p2, c1, k60).
1714472289: Client auto-0B9E047A-E9B2-3270-3F9F-B343D6D3383F disconnected.
1714472302: New connection from 172.20.0.1:44460 on port 1883.
1714472302: New client connected from 172.20.0.1:44460 as auto-E212985F-8304-F6F7-BDCA-A77243C504E1 (p2, c1, k60).
1714472332: mosquitto version 2.0.18 terminating
1714472332: Saving in-memory database to /mosquitto/data//mosquitto.db.
1714472359: mosquitto version 2.0.18 starting
1714472359: Config loaded from /mosquitto/config/mosquitto.conf.
1714472359: Opening ipv4 listen socket on port 1883.
1714472359: Opening ipv6 listen socket on port 1883.
1714472359: Opening websockets listen socket on port 9001.
1714472359: mosquitto version 2.0.18 running
1714472361: New connection from 172.20.0.1:42750 on port 1883.
1714472361: New client connected from 172.20.0.1:42750 as auto-70B11B76-6013-C9AD-E4A2-0320568AF310 (p2, c1, k60).
1714472364: New connection from 172.20.0.1:42764 on port 1883.
1714472364: New client connected from 172.20.0.1:42764 as auto-773A325F-733D-B5CA-E7EE-1242110926E7 (p2, c1, k60).
1714472364: Client auto-773A325F-733D-B5CA-E7EE-1242110926E7 disconnected.
1714472367: Client auto-70B11B76-6013-C9AD-E4A2-0320568AF310 disconnected.
1714472374: mosquitto version 2.0.18 terminating
1714472374: Saving in-memory database to /mosquitto/data//mosquitto.db.
1714472379: mosquitto version 2.0.18 starting
1714472379: Config loaded from /mosquitto/config/mosquitto.conf.
1714472379: Opening ipv4 listen socket on port 1883.
1714472379: Opening ipv6 listen socket on port 1883.
1714472379: Opening websockets listen socket on port 9001.
1714472379: mosquitto version 2.0.18 running
